Ищем СЦТ мощности 39 с основанием 677
Граф урезан (853631 мс): было 459682, стало 74401
Граф урезан (40032 мс): было 74401, стало 1840
Граф урезан (38 мс): было 1840, стало 676
Холостой проход по графу (4 мс)
Времени затрачено, мс: 893870
Ищем СЦТ мощности 39 с основанием 678
Граф урезан (1023164 мс): было 461039, стало 78322
Граф урезан (51976 мс): было 78322, стало 1826
Граф урезан (36 мс): было 1826, стало 677
Холостой проход по графу (5 мс)
Времени затрачено, мс: 1075431
Ищем СЦТ мощности 39 с основанием 679
Граф урезан (969509 мс): было 462398, стало 76817
Граф урезан (38651 мс): было 76817, стало 1986
Граф урезан (31 мс): было 1986, стало 678
Холостой проход по графу (3 мс)
Времени затрачено, мс: 1008371
Ищем СЦТ мощности 39 с основанием 680
Граф урезан (841285 мс): было 463759, стало 85964
Граф урезан (48025 мс): было 85964, стало 2587
Граф урезан (39 мс): было 2587, стало 682
Граф урезан (3 мс): было 682, стало 679
Холостой проход по графу (3 мс)
Времени затрачено, мс: 889558
Ищем СЦТ мощности 39 с основанием 681
Граф урезан (833356 мс): было 465122, стало 80170
Граф урезан (40787 мс): было 80170, стало 2256
Граф урезан (30 мс): было 2256, стало 680
Холостой проход по графу (3 мс)
Времени затрачено, мс: 874309
Ищем СЦТ мощности 39 с основанием 682
Граф урезан (859762 мс): было 466487, стало 82890
Граф урезан (43825 мс): было 82890, стало 2348
Граф урезан (45 мс): было 2348, стало 681
Холостой проход по графу (3 мс)
Времени затрачено, мс: 903765
Ищем СЦТ мощности 39 с основанием 683
Граф урезан (878117 мс): было 467854, стало 83288
Граф урезан (44916 мс): было 83288, стало 2198
Граф урезан (30 мс): было 2198, стало 684
Граф урезан (19 мс): было 684, стало 682
Холостой проход по графу (23 мс)
Времени затрачено, мс: 923242
Ищем СЦТ мощности 39 с основанием 684
Граф урезан (892814 мс): было 469223, стало 89607
Граф урезан (52393 мс): было 89607, стало 2884
Граф урезан (48 мс): было 2884, стало 780
Граф урезан (4 мс): было 780, стало 683
Холостой проход по графу (3 мс)
Времени затрачено, мс: 945393
Ищем СЦТ мощности 39 с основанием 685
Граф урезан (876061 мс): было 470594, стало 87756
Граф урезан (49123 мс): было 87756, стало 2596
Граф урезан (42 мс): было 2596, стало 686
Граф урезан (3 мс): было 686, стало 684
Холостой проход по графу (2 мс)
Времени затрачено, мс: 925371
Ищем СЦТ мощности 39 с основанием 686
Граф урезан (876104 мс): было 471967, стало 89897
Граф урезан (50754 мс): было 89897, стало 2472
Граф урезан (38 мс): было 2472, стало 685
Холостой проход по графу (3 мс)
Времени затрачено, мс: 927034
Ищем СЦТ мощности 39 с основанием 687
Граф урезан (881375 мс): было 473342, стало 91724
Граф урезан (53026 мс): было 91724, стало 2974
Граф урезан (51 мс): было 2974, стало 690
Граф урезан (2 мс): было 690, стало 686
Холостой проход по графу (3 мс)
Времени затрачено, мс: 934592
Ищем СЦТ мощности 39 с основанием 688
Граф урезан (885772 мс): было 474719, стало 94790
Граф урезан (55450 мс): было 94790, стало 2872
Граф урезан (52 мс): было 2872, стало 687
Холостой проход по графу (18 мс)
Времени затрачено, мс: 941431
Ищем СЦТ мощности 39 с основанием 689
Граф урезан (880582 мс): было 476098, стало 94039
Граф урезан (55241 мс): было 94039, стало 2896
Граф урезан (48 мс): было 2896, стало 689
Граф урезан (3 мс): было 689, стало 688
Холостой проход по графу (2 мс)
Времени затрачено, мс: 936003
Ищем СЦТ мощности 39 с основанием 690
Граф урезан (917664 мс): было 477479, стало 99256
Граф урезан (62039 мс): было 99256, стало 3335
Граф урезан (70 мс): было 3335, стало 690
Граф урезан (3 мс): было 690, стало 689
Холостой проход по графу (3 мс)
Времени затрачено, мс: 979907
Ищем СЦТ мощности 39 с основанием 691
Граф урезан (887303 мс): было 478862, стало 96047
Граф урезан (55673 мс): было 96047, стало 2994
Граф урезан (51 мс): было 2994, стало 692
Граф урезан (2 мс): было 692, стало 690
Холостой проход по графу (3 мс)
Времени затрачено, мс: 943162
Ищем СЦТ мощности 39 с основанием 692
Граф урезан (905169 мс): было 480247, стало 99832
Граф урезан (60811 мс): было 99832, стало 3687
Граф урезан (83 мс): было 3687, стало 698
Граф урезан (3 мс): было 698, стало 693
Холостой проход по графу (3 мс)
Удаление осевых точек (0 мс): было 693, стало 38, неосевых 2
Холостой проход по графу (0 мс)

( 0 ; 0 );  	  ( 0 ; 692 );  	  ( 141.9859147943908 ; 346 );  	  ( 0 ; 532 );  	  ( 0 ; 498 );  	  ( 0 ; 484 );  	  ( 0 ; 455 );  	  ( 0 ; 450 );  	  ( 0 ; 432 );  	  ( 0 ; 424 );  	  ( 0 ; 413 );  	  ( 0 ; 403 );  	  ( 0 ; 565 );  	  ( 0 ; 380 );  	  ( 0 ; 370 );  	  ( 0 ; 363 );  	  ( 0 ; 578 );  	  ( 0 ; 348 );  	  ( 0 ; 344 );  	  ( 0 ; 329 );  	  ( 0 ; 322 );  	  ( 0 ; 312 );  	  ( 0 ; 289 );  	  ( 0 ; 279 );  	  ( 0 ; 268 );  	  ( 0 ; 608 );  	  ( 0 ; 260 );  	  ( 0 ; 242 );  	  ( 0 ; 237 );  	  ( 0 ; 208 );  	  ( 0 ; 194 );  	  ( 0 ; 160 );  	  ( 0 ; 645 );  	  ( 0 ; 127 );  	  ( 0 ; 114 );  	  ( 0 ; 84 );  	  ( 0 ; 667 );  	  ( 0 ; 47 );  	  ( 0 ; 25 );  	  

( 0 ; 0 );  	  ( 0 ; 692 );  	  ( -141.9859147943908 ; 346 );  	  ( 0 ; 532 );  	  ( 0 ; 498 );  	  ( 0 ; 484 );  	  ( 0 ; 455 );  	  ( 0 ; 450 );  	  ( 0 ; 432 );  	  ( 0 ; 424 );  	  ( 0 ; 413 );  	  ( 0 ; 403 );  	  ( 0 ; 565 );  	  ( 0 ; 380 );  	  ( 0 ; 370 );  	  ( 0 ; 363 );  	  ( 0 ; 578 );  	  ( 0 ; 348 );  	  ( 0 ; 344 );  	  ( 0 ; 329 );  	  ( 0 ; 322 );  	  ( 0 ; 312 );  	  ( 0 ; 289 );  	  ( 0 ; 279 );  	  ( 0 ; 268 );  	  ( 0 ; 608 );  	  ( 0 ; 260 );  	  ( 0 ; 242 );  	  ( 0 ; 237 );  	  ( 0 ; 208 );  	  ( 0 ; 194 );  	  ( 0 ; 160 );  	  ( 0 ; 645 );  	  ( 0 ; 127 );  	  ( 0 ; 114 );  	  ( 0 ; 84 );  	  ( 0 ; 667 );  	  ( 0 ; 47 );  	  ( 0 ; 25 );  	  
Времени затрачено, мс: 966201
Ищем СЦТ мощности 40 с основанием 692
Граф урезан (858408 мс): было 480247, стало 80675
Граф урезан (40137 мс): было 80675, стало 2118
Граф урезан (27 мс): было 2118, стало 691
Холостой проход по графу (3 мс)
Времени затрачено, мс: 898711
Ищем СЦТ мощности 40 с основанием 693
Граф урезан (873948 мс): было 481634, стало 86701
Граф урезан (46978 мс): было 86701, стало 2216
Граф урезан (30 мс): было 2216, стало 693
Граф урезан (3 мс): было 693, стало 692
Холостой проход по графу (3 мс)
Времени затрачено, мс: 921092
Ищем СЦТ мощности 40 с основанием 694
Граф урезан (872632 мс): было 483023, стало 82506
Граф урезан (41280 мс): было 82506, стало 1988
Граф урезан (24 мс): было 1988, стало 693
Холостой проход по графу (3 мс)
Времени затрачено, мс: 914073
Ищем СЦТ мощности 40 с основанием 695
Граф урезан (882249 мс): было 484414, стало 84856
Граф урезан (44888 мс): было 84856, стало 2028
Граф урезан (25 мс): было 2028, стало 694
Холостой проход по графу (3 мс)
Времени затрачено, мс: 927287
Ищем СЦТ мощности 40 с основанием 696
Граф урезан (895826 мс): было 485807, стало 90919
Граф урезан (50510 мс): было 90919, стало 2616
Граф урезан (42 мс): было 2616, стало 697
Граф урезан (2 мс): было 697, стало 695
Холостой проход по графу (3 мс)
Времени затрачено, мс: 946513
Ищем СЦТ мощности 40 с основанием 697
Граф урезан (899652 мс): было 487202, стало 88434
Граф урезан (47961 мс): было 88434, стало 2484
Граф урезан (37 мс): было 2484, стало 696
Холостой проход по графу (2 мс)
Времени затрачено, мс: 947784
Ищем СЦТ мощности 40 с основанием 698
Граф урезан (904772 мс): было 488599, стало 89838
Граф урезан (49667 мс): было 89838, стало 2858
Граф урезан (46 мс): было 2858, стало 697
Холостой проход по графу (3 мс)
Времени затрачено, мс: 954619
Ищем СЦТ мощности 40 с основанием 699
Граф урезан (916220 мс): было 489998, стало 92927
Граф урезан (52829 мс): было 92927, стало 2522
Граф урезан (38 мс): было 2522, стало 698
Холостой проход по графу (3 мс)
Времени затрачено, мс: 969221
Ищем СЦТ мощности 40 с основанием 700
Граф урезан (929434 мс): было 491399, стало 97685
Граф урезан (58639 мс): было 97685, стало 3421
Граф урезан (72 мс): было 3421, стало 749
Граф урезан (3 мс): было 749, стало 699
Холостой проход по графу (3 мс)
Времени затрачено, мс: 988284
Ищем СЦТ мощности 40 с основанием 701
Граф урезан (930075 мс): было 492802, стало 94820
Граф урезан (55802 мс): было 94820, стало 2802
Граф урезан (47 мс): было 2802, стало 700
Холостой проход по графу (3 мс)
Времени затрачено, мс: 986052
Ищем СЦТ мощности 40 с основанием 702
Граф урезан (944901 мс): было 494207, стало 101348
Граф урезан (62639 мс): было 101348, стало 3384
Граф урезан (76 мс): было 3384, стало 705
Граф урезан (3 мс): было 705, стало 701
Холостой проход по графу (3 мс)
Времени затрачено, мс: 1007752
Ищем СЦТ мощности 40 с основанием 703
Граф урезан (946787 мс): было 495614, стало 98610
Граф урезан (59279 мс): было 98610, стало 2820
Граф урезан (47 мс): было 2820, стало 702
Холостой проход по графу (3 мс)
Времени затрачено, мс: 1006249
Ищем СЦТ мощности 40 с основанием 704
Граф урезан (965172 мс): было 497023, стало 106232
Граф урезан (69488 мс): было 106232, стало 3690
Граф урезан (85 мс): было 3690, стало 704
Граф урезан (3 мс): было 704, стало 703
Холостой проход по графу (3 мс)
Времени затрачено, мс: 1034883
Ищем СЦТ мощности 40 с основанием 705
Граф урезан (965601 мс): было 498434, стало 103235
Граф урезан (64020 мс): было 103235, стало 3272
Граф урезан (67 мс): было 3272, стало 710
Граф урезан (3 мс): было 710, стало 704
Холостой проход по графу (3 мс)
Времени затрачено, мс: 1029824
Ищем СЦТ мощности 40 с основанием 706
Граф урезан (975059 мс): было 499847, стало 105824
Граф урезан (67558 мс): было 105824, стало 3554
Граф урезан (76 мс): было 3554, стало 708
Граф урезан (3 мс): было 708, стало 705
Холостой проход по графу (2 мс)
Времени затрачено, мс: 1042840
Ищем СЦТ мощности 40 с основанием 707
Граф урезан (991621 мс): было 501262, стало 106542
Граф урезан (73501 мс): было 106542, стало 3416
Граф урезан (81 мс): было 3416, стало 712
Граф урезан (2 мс): было 712, стало 706
Холостой проход по графу (3 мс)
Времени затрачено, мс: 1065345
Ищем СЦТ мощности 40 с основанием 708
Граф урезан (1003629 мс): было 502679, стало 109525
Граф урезан (72046 мс): было 109525, стало 3696
Граф урезан (91 мс): было 3696, стало 715
Граф урезан (3 мс): было 715, стало 707
Холостой проход по графу (3 мс)
Времени затрачено, мс: 1075918
Ищем СЦТ мощности 40 с основанием 709
Граф урезан (999199 мс): было 504098, стало 109968
Граф урезан (73259 мс): было 109968, стало 3752
Граф урезан (86 мс): было 3752, стало 711
Граф урезан (3 мс): было 711, стало 708
Холостой проход по графу (2 мс)
Времени затрачено, мс: 1072689
Ищем СЦТ мощности 40 с основанием 710
Граф урезан (1011137 мс): было 505519, стало 112319
Граф урезан (77453 мс): было 112319, стало 3995
Граф урезан (96 мс): было 3995, стало 738
Граф урезан (3 мс): было 738, стало 709
Холостой проход по графу (3 мс)
Времени затрачено, мс: 1088831
Ищем СЦТ мощности 40 с основанием 711
Граф урезан (1021441 мс): было 506942, стало 114357
Граф урезан (78870 мс): было 114357, стало 4205
Граф урезан (107 мс): было 4205, стало 712
Граф урезан (3 мс): было 712, стало 710
Холостой проход по графу (3 мс)
Времени затрачено, мс: 1100576
Ищем СЦТ мощности 40 с основанием 712
Граф урезан (1026225 мс): было 508367, стало 117269
Граф урезан (84266 мс): было 117269, стало 4556
Граф урезан (128 мс): было 4556, стало 711
Холостой проход по графу (3 мс)
Времени затрачено, мс: 1110758
Ищем СЦТ мощности 40 с основанием 713
Граф урезан (1040019 мс): было 509794, стало 118148
Граф урезан (84746 мс): было 118148, стало 4520
Граф урезан (122 мс): было 4520, стало 727
Граф урезан (3 мс): было 727, стало 712
Холостой проход по графу (3 мс)
Времени затрачено, мс: 1125039
Ищем СЦТ мощности 40 с основанием 714
Граф урезан (1056999 мс): было 511223, стало 125683
Граф урезан (93859 мс): было 125683, стало 5950
Граф урезан (222 мс): было 5950, стало 729
Граф урезан (3 мс): было 729, стало 713
Холостой проход по графу (3 мс)
Времени затрачено, мс: 1151236
Ищем СЦТ мощности 40 с основанием 715
Граф урезан (1070625 мс): было 512654, стало 127557
Граф урезан (100345 мс): было 127557, стало 6155
Граф урезан (219 мс): было 6155, стало 736
Граф урезан (3 мс): было 736, стало 714
Холостой проход по графу (2 мс)
Времени затрачено, мс: 1171330
Ищем СЦТ мощности 40 с основанием 716
Граф урезан (1063679 мс): было 514087, стало 124659
Граф урезан (92599 мс): было 124659, стало 5393
Граф урезан (182 мс): было 5393, стало 721
Граф урезан (3 мс): было 721, стало 715
Холостой проход по графу (3 мс)
Времени затрачено, мс: 1156613
Ищем СЦТ мощности 40 с основанием 717
Граф урезан (1076976 мс): было 515522, стало 128436
Граф урезан (98611 мс): было 128436, стало 6322
Граф урезан (247 мс): было 6322, стало 878
Граф урезан (4 мс): было 878, стало 716
Холостой проход по графу (3 мс)
Времени затрачено, мс: 1175982
Ищем СЦТ мощности 40 с основанием 718
Граф урезан (1079321 мс): было 516959, стало 127935
Граф урезан (98810 мс): было 127935, стало 6052
Граф урезан (228 мс): было 6052, стало 834
Граф урезан (4 мс): было 834, стало 717
Холостой проход по графу (3 мс)
Времени затрачено, мс: 1178508
Ищем СЦТ мощности 40 с основанием 719
Граф урезан (1086187 мс): было 518398, стало 128183
Граф урезан (100306 мс): было 128183, стало 5454
Граф урезан (183 мс): было 5454, стало 780
Граф урезан (3 мс): было 780, стало 718
Холостой проход по графу (3 мс)
Времени затрачено, мс: 1186821
Ищем СЦТ мощности 40 с основанием 720
Граф урезан (1130647 мс): было 519839, стало 144069
Граф урезан (125854 мс): было 144069, стало 8322
Граф урезан (405 мс): было 8322, стало 930
Граф урезан (5 мс): было 930, стало 723
Граф урезан (3 мс): было 723, стало 719
Холостой проход по графу (3 мс)
Времени затрачено, мс: 1257061
Ищем СЦТ мощности 40 с основанием 721
Граф урезан (1123433 мс): было 521282, стало 136090
Граф урезан (113155 мс): было 136090, стало 7060
Граф урезан (301 мс): было 7060, стало 791
Граф урезан (4 мс): было 791, стало 720
Холостой проход по графу (3 мс)
Времени затрачено, мс: 1237046
Ищем СЦТ мощности 40 с основанием 722
Граф урезан (1132333 мс): было 522727, стало 138484
Граф урезан (115953 мс): было 138484, стало 6964
Граф урезан (288 мс): было 6964, стало 757
Граф урезан (3 мс): было 757, стало 721
Холостой проход по графу (3 мс)
Времени затрачено, мс: 1248724
Ищем СЦТ мощности 40 с основанием 723
Граф урезан (1141573 мс): было 524174, стало 138805
Граф урезан (115017 мс): было 138805, стало 6740
Граф урезан (267 мс): было 6740, стало 791
Граф урезан (4 мс): было 791, стало 722
Холостой проход по графу (3 мс)
Времени затрачено, мс: 1257008
Ищем СЦТ мощности 40 с основанием 724
Граф урезан (1158617 мс): было 525623, стало 145307
Граф урезан (128611 мс): было 145307, стало 7946
Граф урезан (395 мс): было 7946, стало 742
Граф урезан (4 мс): было 742, стало 723
Холостой проход по графу (3 мс)
Времени затрачено, мс: 1287773
Ищем СЦТ мощности 40 с основанием 725
Граф урезан (1166042 мс): было 527074, стало 147061
Граф урезан (129587 мс): было 147061, стало 7576
Граф урезан (339 мс): было 7576, стало 747
Граф урезан (3 мс): было 747, стало 724
Холостой проход по графу (3 мс)
Времени затрачено, мс: 1296117
Ищем СЦТ мощности 40 с основанием 726
Граф урезан (1175595 мс): было 528527, стало 149603
Граф урезан (134004 мс): было 149603, стало 8549
Граф урезан (448 мс): было 8549, стало 754
Граф урезан (3 мс): было 754, стало 725
Холостой проход по графу (3 мс)
Времени затрачено, мс: 1310196
Ищем СЦТ мощности 40 с основанием 727
Граф урезан (1181400 мс): было 529982, стало 149258
Граф урезан (133080 мс): было 149258, стало 7726
Граф урезан (346 мс): было 7726, стало 757
Граф урезан (3 мс): было 757, стало 726
Холостой проход по графу (3 мс)
Времени затрачено, мс: 1315013
Ищем СЦТ мощности 40 с основанием 728
Граф урезан (1206834 мс): было 531439, стало 159158
Граф урезан (150487 мс): было 159158, стало 10288
Граф урезан (635 мс): было 10288, стало 748
Граф урезан (3 мс): было 748, стало 727
Холостой проход по графу (3 мс)
Времени затрачено, мс: 1358119
Ищем СЦТ мощности 40 с основанием 729
Граф урезан (1209291 мс): было 532898, стало 157401
Граф урезан (146435 мс): было 157401, стало 9088
Граф урезан (479 мс): было 9088, стало 815
Граф урезан (4 мс): было 815, стало 732
Холостой проход по графу (3 мс)
Удаление осевых точек (0 мс): было 732, стало 74, неосевых 4
Холостой проход по графу (0 мс)
Времени затрачено, мс: 1356374
Ищем СЦТ мощности 40 с основанием 730
Граф урезан (1218458 мс): было 534359, стало 159795
Граф урезан (150574 мс): было 159795, стало 9761
Граф урезан (561 мс): было 9761, стало 745
Граф урезан (4 мс): было 745, стало 729
Холостой проход по графу (3 мс)
Времени затрачено, мс: 1369767
Ищем СЦТ мощности 40 с основанием 731
Граф урезан (1223121 мс): было 535822, стало 159963
Граф урезан (150741 мс): было 159963, стало 9728
Граф урезан (548 мс): было 9728, стало 773
Граф урезан (3 мс): было 773, стало 730
Холостой проход по графу (3 мс)
Времени затрачено, мс: 1374570
Ищем СЦТ мощности 40 с основанием 732
Граф урезан (1241689 мс): было 537287, стало 165823
Граф урезан (164763 мс): было 165823, стало 12477
Граф урезан (897 мс): было 12477, стало 907
Граф урезан (5 мс): было 907, стало 731
Холостой проход по графу (3 мс)
Времени затрачено, мс: 1407511
Ищем СЦТ мощности 40 с основанием 733
Граф урезан (1243292 мс): было 538754, стало 163285
Граф урезан (158159 мс): было 163285, стало 10917
Граф урезан (695 мс): было 10917, стало 760
Граф урезан (3 мс): было 760, стало 732
Холостой проход по графу (4 мс)
Времени затрачено, мс: 1402316
Ищем СЦТ мощности 40 с основанием 734
Граф урезан (1253277 мс): было 540223, стало 165427
Граф урезан (160590 мс): было 165427, стало 10283
Граф урезан (619 мс): было 10283, стало 799
Граф урезан (4 мс): было 799, стало 733
Холостой проход по графу (3 мс)
Времени затрачено, мс: 1414648
Ищем СЦТ мощности 40 с основанием 735
Граф урезан (1271317 мс): было 541694, стало 175423
Граф урезан (180245 мс): было 175423, стало 14116
Граф урезан (1143 мс): было 14116, стало 937
Граф урезан (5 мс): было 937, стало 734
Холостой проход по графу (3 мс)
Времени затрачено, мс: 1452901
Ищем СЦТ мощности 40 с основанием 736
Граф урезан (1287164 мс): было 543167, стало 176423
Граф урезан (182919 мс): было 176423, стало 12376
Граф урезан (867 мс): было 12376, стало 786
Граф урезан (3 мс): было 786, стало 735
Холостой проход по графу (4 мс)
Времени затрачено, мс: 1471136
Ищем СЦТ мощности 40 с основанием 737
Граф урезан (1286829 мс): было 544642, стало 174837
Граф урезан (178591 мс): было 174837, стало 13268
Граф урезан (1026 мс): было 13268, стало 845
Граф урезан (4 мс): было 845, стало 736
Холостой проход по графу (3 мс)
Времени затрачено, мс: 1466625
Ищем СЦТ мощности 40 с основанием 738
Граф урезан (1302050 мс): было 546119, стало 180385
Граф урезан (193047 мс): было 180385, стало 15124
Граф урезан (1287 мс): было 15124, стало 888
Граф урезан (5 мс): было 888, стало 737
Холостой проход по графу (3 мс)
Времени затрачено, мс: 1496562
Ищем СЦТ мощности 40 с основанием 739
Граф урезан (1306849 мс): было 547598, стало 178481
Граф урезан (188014 мс): было 178481, стало 14880
Граф урезан (1283 мс): было 14880, стало 898
Граф урезан (5 мс): было 898, стало 738
Холостой проход по графу (3 мс)
Времени затрачено, мс: 1496331
Ищем СЦТ мощности 40 с основанием 740
Граф урезан (1324581 мс): было 549079, стало 187246
Граф урезан (206145 мс): было 187246, стало 16393
Граф урезан (1628 мс): было 16393, стало 912
Граф урезан (5 мс): было 912, стало 739
Холостой проход по графу (3 мс)
Времени затрачено, мс: 1532535
Ищем СЦТ мощности 40 с основанием 741
Граф урезан (1337775 мс): было 550562, стало 188082
Граф урезан (204639 мс): было 188082, стало 16136
Граф урезан (1488 мс): было 16136, стало 853
Граф урезан (4 мс): было 853, стало 740
Холостой проход по графу (3 мс)
Времени затрачено, мс: 1544079
Ищем СЦТ мощности 40 с основанием 742
Граф урезан (1327274 мс): было 552047, стало 190019
Граф урезан (208902 мс): было 190019, стало 16294
Граф урезан (1522 мс): было 16294, стало 909
Граф урезан (5 мс): было 909, стало 741
Холостой проход по графу (4 мс)
Времени затрачено, мс: 1537891
Ищем СЦТ мощности 40 с основанием 743
Граф урезан (1376564 мс): было 553534, стало 190667
Граф урезан (228719 мс): было 190667, стало 17304
Граф урезан (1746 мс): было 17304, стало 1002
Граф урезан (7 мс): было 1002, стало 742
Холостой проход по графу (4 мс)
Времени затрачено, мс: 1607228
Ищем СЦТ мощности 40 с основанием 744
Граф урезан (1535993 мс): было 555023, стало 202619
Граф урезан (238081 мс): было 202619, стало 21178
Граф урезан (2611 мс): было 21178, стало 1020
Граф урезан (6 мс): было 1020, стало 743
Холостой проход по графу (3 мс)
Времени затрачено, мс: 1776883
Ищем СЦТ мощности 40 с основанием 745
Граф урезан (1356476 мс): было 556514, стало 197188
Граф урезан (225336 мс): было 197188, стало 17732
Граф урезан (1877 мс): было 17732, стало 878
Граф урезан (5 мс): было 878, стало 744
Холостой проход по графу (3 мс)
Времени затрачено, мс: 1583889
Ищем СЦТ мощности 40 с основанием 746
Граф урезан (1394391 мс): было 558007, стало 200027
Граф урезан (230715 мс): было 200027, стало 18682
Граф урезан (2069 мс): было 18682, стало 1049
Граф урезан (7 мс): было 1049, стало 745
Холостой проход по графу (3 мс)
Времени затрачено, мс: 1627394
Ищем СЦТ мощности 40 с основанием 747
Граф урезан (1480241 мс): было 559502, стало 207065
Граф урезан (283909 мс): было 207065, стало 21759
Граф урезан (3156 мс): было 21759, стало 1222
Граф урезан (9 мс): было 1222, стало 746
Холостой проход по графу (3 мс)
Времени затрачено, мс: 1767507
Ищем СЦТ мощности 40 с основанием 748
Граф урезан (1986070 мс): было 560999, стало 211747
Граф урезан (292021 мс): было 211747, стало 22917
Граф урезан (3494 мс): было 22917, стало 1212
Граф урезан (8 мс): было 1212, стало 747
Холостой проход по графу (4 мс)
Времени затрачено, мс: 2281807
Ищем СЦТ мощности 40 с основанием 749
Граф урезан (1526143 мс): было 562498, стало 210353
Граф урезан (274698 мс): было 210353, стало 22599
Граф урезан (3315 мс): было 22599, стало 1042
Граф урезан (6 мс): было 1042, стало 748
Холостой проход по графу (4 мс)
Времени затрачено, мс: 1804360
Ищем СЦТ мощности 40 с основанием 750
Граф урезан (1618434 мс): было 563999, стало 219155
Граф урезан (311239 мс): было 219155, стало 25182
Граф урезан (5669 мс): было 25182, стало 1097
Граф урезан (7 мс): было 1097, стало 749
Холостой проход по графу (3 мс)
Времени затрачено, мс: 1935573
Ищем СЦТ мощности 40 с основанием 751
Граф урезан (1575975 мс): было 565502, стало 212162
Граф урезан (303046 мс): было 212162, стало 21970
Граф урезан (3778 мс): было 21970, стало 1228
Граф урезан (12 мс): было 1228, стало 768
Граф урезан (4 мс): было 768, стало 750
Холостой проход по графу (4 мс)
Времени затрачено, мс: 1883029
Ищем СЦТ мощности 40 с основанием 752
Граф урезан (1678218 мс): было 567007, стало 223657
Граф урезан (311941 мс): было 223657, стало 26810
Граф урезан (5740 мс): было 26810, стало 1306
Граф урезан (13 мс): было 1306, стало 751
Холостой проход по графу (4 мс)
Времени затрачено, мс: 1996174
Ищем СЦТ мощности 40 с основанием 753
Граф урезан (1537468 мс): было 568514, стало 220629
Граф урезан (280448 мс): было 220629, стало 25452
Граф урезан (4128 мс): было 25452, стало 1284
Граф урезан (10 мс): было 1284, стало 753
Граф урезан (3 мс): было 753, стало 752
Холостой проход по графу (3 мс)
Времени затрачено, мс: 1822305
Ищем СЦТ мощности 40 с основанием 754
Граф урезан (1502787 мс): было 570023, стало 226581
Граф урезан (318405 мс): было 226581, стало 27864
Граф урезан (5576 мс): было 27864, стало 1290
Граф урезан (9 мс): было 1290, стало 757
Холостой проход по графу (3 мс)
Удаление осевых точек (1 мс): было 757, стало 76, неосевых 4
Холостой проход по графу (0 мс)

( 0 ; 0 );  	  ( 0 ; 754 );  	  ( -141.9859147943908 ; 346 );  	  ( 0 ; 578 );  	  ( 0 ; 47 );  	  ( 0 ; 565 );  	  ( 0 ; 25 );  	  ( 0 ; 84 );  	  ( 0 ; 608 );  	  ( 0 ; 450 );  	  ( 0 ; 114 );  	  ( 0 ; 127 );  	  ( 0 ; 455 );  	  ( 0 ; 160 );  	  ( 0 ; 532 );  	  ( 0 ; 645 );  	  ( 0 ; 194 );  	  ( 0 ; 208 );  	  ( 0 ; 667 );  	  ( 0 ; 237 );  	  ( 0 ; 242 );  	  ( 0 ; 260 );  	  ( 0 ; 432 );  	  ( 0 ; 268 );  	  ( 0 ; 279 );  	  ( 0 ; 289 );  	  ( 0 ; 498 );  	  ( 0 ; 692 );  	  ( 0 ; 424 );  	  ( 0 ; 484 );  	  ( 0 ; 312 );  	  ( 0 ; 322 );  	  ( 0 ; 329 );  	  ( 0 ; 344 );  	  ( 0 ; 348 );  	  ( 0 ; 363 );  	  ( 0 ; 413 );  	  ( 0 ; 370 );  	  ( 0 ; 380 );  	  ( 0 ; 403 );  	  

( 0 ; 0 );  	  ( 0 ; 754 );  	  ( 141.9859147943908 ; 346 );  	  ( 0 ; 578 );  	  ( 0 ; 47 );  	  ( 0 ; 565 );  	  ( 0 ; 25 );  	  ( 0 ; 84 );  	  ( 0 ; 608 );  	  ( 0 ; 450 );  	  ( 0 ; 114 );  	  ( 0 ; 127 );  	  ( 0 ; 455 );  	  ( 0 ; 160 );  	  ( 0 ; 532 );  	  ( 0 ; 645 );  	  ( 0 ; 194 );  	  ( 0 ; 208 );  	  ( 0 ; 667 );  	  ( 0 ; 237 );  	  ( 0 ; 242 );  	  ( 0 ; 260 );  	  ( 0 ; 432 );  	  ( 0 ; 268 );  	  ( 0 ; 279 );  	  ( 0 ; 289 );  	  ( 0 ; 498 );  	  ( 0 ; 692 );  	  ( 0 ; 424 );  	  ( 0 ; 484 );  	  ( 0 ; 312 );  	  ( 0 ; 322 );  	  ( 0 ; 329 );  	  ( 0 ; 344 );  	  ( 0 ; 348 );  	  ( 0 ; 363 );  	  ( 0 ; 413 );  	  ( 0 ; 370 );  	  ( 0 ; 380 );  	  ( 0 ; 403 );  	  

( 0 ; 0 );  	  ( 0 ; 754 );  	  ( 141.9859147943908 ; 408 );  	  ( 0 ; 594 );  	  ( 0 ; 62 );  	  ( 0 ; 87 );  	  ( 0 ; 109 );  	  ( 0 ; 560 );  	  ( 0 ; 546 );  	  ( 0 ; 627 );  	  ( 0 ; 146 );  	  ( 0 ; 640 );  	  ( 0 ; 176 );  	  ( 0 ; 442 );  	  ( 0 ; 189 );  	  ( 0 ; 222 );  	  ( 0 ; 517 );  	  ( 0 ; 512 );  	  ( 0 ; 670 );  	  ( 0 ; 256 );  	  ( 0 ; 432 );  	  ( 0 ; 270 );  	  ( 0 ; 299 );  	  ( 0 ; 425 );  	  ( 0 ; 494 );  	  ( 0 ; 486 );  	  ( 0 ; 304 );  	  ( 0 ; 322 );  	  ( 0 ; 330 );  	  ( 0 ; 341 );  	  ( 0 ; 707 );  	  ( 0 ; 351 );  	  ( 0 ; 475 );  	  ( 0 ; 410 );  	  ( 0 ; 465 );  	  ( 0 ; 374 );  	  ( 0 ; 406 );  	  ( 0 ; 729 );  	  ( 0 ; 384 );  	  ( 0 ; 391 );  	  

( 0 ; 0 );  	  ( 0 ; 754 );  	  ( -141.9859147943908 ; 408 );  	  ( 0 ; 594 );  	  ( 0 ; 62 );  	  ( 0 ; 87 );  	  ( 0 ; 109 );  	  ( 0 ; 560 );  	  ( 0 ; 546 );  	  ( 0 ; 627 );  	  ( 0 ; 146 );  	  ( 0 ; 640 );  	  ( 0 ; 176 );  	  ( 0 ; 442 );  	  ( 0 ; 189 );  	  ( 0 ; 222 );  	  ( 0 ; 517 );  	  ( 0 ; 512 );  	  ( 0 ; 670 );  	  ( 0 ; 256 );  	  ( 0 ; 432 );  	  ( 0 ; 270 );  	  ( 0 ; 299 );  	  ( 0 ; 425 );  	  ( 0 ; 494 );  	  ( 0 ; 486 );  	  ( 0 ; 304 );  	  ( 0 ; 322 );  	  ( 0 ; 330 );  	  ( 0 ; 341 );  	  ( 0 ; 707 );  	  ( 0 ; 351 );  	  ( 0 ; 475 );  	  ( 0 ; 410 );  	  ( 0 ; 465 );  	  ( 0 ; 374 );  	  ( 0 ; 406 );  	  ( 0 ; 729 );  	  ( 0 ; 384 );  	  ( 0 ; 391 );  	  
Времени затрачено, мс: 1828132
Ищем СЦТ мощности 41 с основанием 754
Ищем СЦТ мощности 41 с основанием 754
Граф урезан (1425678 мс): было 570023, стало 192498
Граф урезан (241343 мс): было 192498, стало 16666
Граф урезан (1862 мс): было 16666, стало 903
Граф урезан (175 мс): было 903, стало 757
Холостой проход по графу (25 мс)
Удаление осевых точек (0 мс): было 757, стало 76, неосевых 4
Холостой проход по графу (0 мс)
Времени затрачено, мс: 1669531
Ищем СЦТ мощности 41 с основанием 755
Граф урезан (1466460 мс): было 571534, стало 192375
Граф урезан (218662 мс): было 192375, стало 14775
Граф урезан (1340 мс): было 14775, стало 963
Граф урезан (6 мс): было 963, стало 754
Холостой проход по графу (6 мс)
Времени затрачено, мс: 1686988
Ищем СЦТ мощности 41 с основанием 756
Граф урезан (1512875 мс): было 573047, стало 205523
Граф урезан (253473 мс): было 205523, стало 18006
Граф урезан (1888 мс): было 18006, стало 956
Граф урезан (5 мс): было 956, стало 755
Холостой проход по графу (4 мс)
Времени затрачено, мс: 1768453
Ищем СЦТ мощности 41 с основанием 757
Граф урезан (1522855 мс): было 574562, стало 198532
Граф урезан (227327 мс): было 198532, стало 16748
Граф урезан (1546 мс): было 16748, стало 954
Граф урезан (5 мс): было 954, стало 756
Холостой проход по графу (4 мс)
Времени затрачено, мс: 1752287
Ищем СЦТ мощности 41 с основанием 758
Граф урезан (1493777 мс): было 576079, стало 201981
Граф урезан (241327 мс): было 201981, стало 18738
Граф урезан (2376 мс): было 18738, стало 1117
Граф урезан (11 мс): было 1117, стало 757
Холостой проход по графу (5 мс)
Времени затрачено, мс: 1737821
Ищем СЦТ мощности 41 с основанием 759
Граф урезан (1533067 мс): было 577598, стало 208235
Граф урезан (256489 мс): было 208235, стало 19731
Граф урезан (2220 мс): было 19731, стало 910
Граф урезан (5 мс): было 910, стало 758
Холостой проход по графу (3 мс)
Времени затрачено, мс: 1792341
Ищем СЦТ мощности 41 с основанием 760
Граф урезан (1582773 мс): было 579119, стало 216546
Граф урезан (290343 мс): было 216546, стало 21811
Граф урезан (3207 мс): было 21811, стало 1027
Граф урезан (7 мс): было 1027, стало 759
Холостой проход по графу (4 мс)
Времени затрачено, мс: 1877600
Ищем СЦТ мощности 41 с основанием 761
Граф урезан (1605485 мс): было 580642, стало 210689
Граф урезан (267367 мс): было 210689, стало 18876
Граф урезан (2088 мс): было 18876, стало 965
Граф урезан (6 мс): было 965, стало 760
Холостой проход по графу (3 мс)
Времени затрачено, мс: 1876128
Ищем СЦТ мощности 41 с основанием 762
Граф урезан (1671948 мс): было 582167, стало 217255
Граф урезан (293674 мс): было 217255, стало 23030
Граф урезан (3564 мс): было 23030, стало 1130
Граф урезан (101 мс): было 1130, стало 761
Холостой проход по графу (23 мс)
Времени затрачено, мс: 1969826
Ищем СЦТ мощности 41 с основанием 763
Граф урезан (1588370 мс): было 583694, стало 218191
Граф урезан (294724 мс): было 218191, стало 22101
Граф урезан (3035 мс): было 22101, стало 1018
Граф урезан (6 мс): было 1018, стало 762
Холостой проход по графу (3 мс)
Времени затрачено, мс: 1887062
Ищем СЦТ мощности 41 с основанием 764
Граф урезан (1614922 мс): было 585223, стало 222539
Граф урезан (293471 мс): было 222539, стало 24150
Граф урезан (3930 мс): было 24150, стало 1179
Граф урезан (8 мс): было 1179, стало 763
Холостой проход по графу (3 мс)
Времени затрачено, мс: 1913569
Ищем СЦТ мощности 41 с основанием 765
Граф урезан (1632946 мс): было 586754, стало 230288
Граф урезан (311485 мс): было 230288, стало 26554
Граф урезан (4643 мс): было 26554, стало 1339
Граф урезан (11 мс): было 1339, стало 766
Граф урезан (3 мс): было 766, стало 764
Холостой проход по графу (4 мс)
Времени затрачено, мс: 1949999
Ищем СЦТ мощности 41 с основанием 766
Граф урезан (1604205 мс): было 588287, стало 226741
Граф урезан (301391 мс): было 226741, стало 24778
Граф урезан (4040 мс): было 24778, стало 946
Граф урезан (5 мс): было 946, стало 765
Холостой проход по графу (4 мс)
Времени затрачено, мс: 1910871
Ищем СЦТ мощности 41 с основанием 767
Граф урезан (1617143 мс): было 589822, стало 230561
Граф урезан (304778 мс): было 230561, стало 25554
Граф урезан (4487 мс): было 25554, стало 1193
Граф урезан (9 мс): было 1193, стало 766
Холостой проход по графу (3 мс)
Времени затрачено, мс: 1927125
Ищем СЦТ мощности 41 с основанием 768
Граф урезан (1721390 мс): было 591359, стало 247641
Граф урезан (79261966 мс): было 247641, стало 36054
Граф урезан (19225 мс): было 36054, стало 2048
Граф урезан (48 мс): было 2048, стало 780
Граф урезан (7 мс): было 780, стало 767
Холостой проход по графу (6 мс)
Времени затрачено, мс: 81002990
Ищем СЦТ мощности 41 с основанием 769
Граф урезан (1707571 мс): было 592898, стало 234507
Граф урезан (344075 мс): было 234507, стало 26770
Граф урезан (5028 мс): было 26770, стало 1174
Граф урезан (8 мс): было 1174, стало 768
Холостой проход по графу (4 мс)
Времени затрачено, мс: 2057900
Ищем СЦТ мощности 41 с основанием 770
Граф урезан (1764164 мс): было 594439, стало 247108
Граф урезан (421533 мс): было 247108, стало 31375
Граф урезан (7763 мс): было 31375, стало 1318
Граф урезан (18 мс): было 1318, стало 769
Холостой проход по графу (6 мс)
Времени затрачено, мс: 2196302
Ищем СЦТ мощности 41 с основанием 771
Граф урезан (2620752 мс): было 595982, стало 242883
Граф урезан (618288 мс): было 242883, стало 28684
Граф урезан (12002 мс): было 28684, стало 1115
Граф урезан (15 мс): было 1115, стало 770
Холостой проход по графу (7 мс)
Времени затрачено, мс: 3252089
Ищем СЦТ мощности 41 с основанием 772
Граф урезан (2989605 мс): было 597527, стало 247195
Граф урезан (539577 мс): было 247195, стало 33710
Граф урезан (18884 мс): было 33710, стало 2094
Граф урезан (60 мс): было 2094, стало 899
Граф урезан (11 мс): было 899, стало 771
Холостой проход по графу (8 мс)
Времени затрачено, мс: 3549899
Ищем СЦТ мощности 41 с основанием 773
Граф урезан (2793778 мс): было 599074, стало 249103
Граф урезан (472996 мс): было 249103, стало 34052
Граф урезан (10981 мс): было 34052, стало 1464
Граф урезан (13 мс): было 1464, стало 772
Холостой проход по графу (4 мс)
Времени затрачено, мс: 3278689
Ищем СЦТ мощности 41 с основанием 774
Граф урезан (2134412 мс): было 600623, стало 258281
Граф урезан (429616 мс): было 258281, стало 38691
Граф урезан (12453 мс): было 38691, стало 1574
Граф урезан (14 мс): было 1574, стало 773
Холостой проход по графу (4 мс)
Времени затрачено, мс: 2577343
Ищем СЦТ мощности 41 с основанием 775
Граф урезан (72129402 мс): было 602174, стало 259003
Граф урезан (416368 мс): было 259003, стало 37453
Граф урезан (13741 мс): было 37453, стало 1592
Граф урезан (15 мс): было 1592, стало 774
Холостой проход по графу (4 мс)
Времени затрачено, мс: 72560251
Ищем СЦТ мощности 41 с основанием 776
Граф урезан (1923550 мс): было 603727, стало 261381
Граф урезан (417371 мс): было 261381, стало 37765
Граф урезан (11112 мс): было 37765, стало 1324
Граф урезан (11 мс): было 1324, стало 775
Холостой проход по графу (3 мс)
Времени затрачено, мс: 2352477
Ищем СЦТ мощности 41 с основанием 777
Граф урезан (1768913 мс): было 605282, стало 265302
Граф урезан (414576 мс): было 265302, стало 39391
Граф урезан (13392 мс): было 39391, стало 1731
Граф урезан (18 мс): было 1731, стало 776
Холостой проход по графу (4 мс)
Времени затрачено, мс: 2197128
Ищем СЦТ мощности 41 с основанием 778
Граф урезан (1840744 мс): было 606839, стало 268613
Граф урезан (51785048 мс): было 268613, стало 41286
Граф урезан (15858 мс): было 41286, стало 1708
Граф урезан (21 мс): было 1708, стало 777
Холостой проход по графу (6 мс)
Времени затрачено, мс: 53641850
Ищем СЦТ мощности 41 с основанием 779
Граф урезан (1752790 мс): было 608398, стало 270113
Граф урезан (425518 мс): было 270113, стало 42642
Граф урезан (15997 мс): было 42642, стало 1898
Граф урезан (22 мс): было 1898, стало 779
Граф урезан (4 мс): было 779, стало 778
Холостой проход по графу (3 мс)
Времени затрачено, мс: 2194628
Ищем СЦТ мощности 41 с основанием 780
Граф урезан (1832039 мс): было 609959, стало 283585
Граф урезан (487240 мс): было 283585, стало 52779
Граф урезан (25382 мс): было 52779, стало 3130
Граф урезан (59 мс): было 3130, стало 789
Граф урезан (4 мс): было 789, стало 779
Холостой проход по графу (3 мс)
Времени затрачено, мс: 2344886
Ищем СЦТ мощности 41 с основанием 781
Граф урезан (1875563 мс): было 611522, стало 276247
Граф урезан (452294 мс): было 276247, стало 46162
Граф урезан (18791 мс): было 46162, стало 2408
Граф урезан (35 мс): было 2408, стало 780
Холостой проход по графу (3 мс)
Времени затрачено, мс: 2346853
Ищем СЦТ мощности 41 с основанием 782
Граф урезан (1841944 мс): было 613087, стало 282187
Граф урезан (467730 мс): было 282187, стало 46929
Граф урезан (19224 мс): было 46929, стало 2102
Граф урезан (27 мс): было 2102, стало 781
Холостой проход по графу (4 мс)
Времени затрачено, мс: 2329141
Ищем СЦТ мощности 41 с основанием 783
Граф урезан (1955497 мс): было 614654, стало 287348
Граф урезан (499680 мс): было 287348, стало 49681
Граф урезан (26427 мс): было 49681, стало 2284
Граф урезан (59 мс): было 2284, стало 782
Холостой проход по графу (6 мс)
Времени затрачено, мс: 2481842
Ищем СЦТ мощности 41 с основанием 784
Граф урезан (1891167 мс): было 616223, стало 296539
Граф урезан (507021 мс): было 296539, стало 58516
Граф урезан (30622 мс): было 58516, стало 3174
Граф урезан (69 мс): было 3174, стало 905
Граф урезан (7 мс): было 905, стало 788
Граф урезан (4 мс): было 788, стало 783
Холостой проход по графу (5 мс)
Времени затрачено, мс: 2429179
Ищем СЦТ мощности 41 с основанием 785
Граф урезан (1985533 мс): было 617794, стало 289537
Граф урезан (504601 мс): было 289537, стало 53758
Граф урезан (26841 мс): было 53758, стало 2931
Граф урезан (51 мс): было 2931, стало 785
Граф урезан (3 мс): было 785, стало 784
Холостой проход по графу (4 мс)
Времени затрачено, мс: 2517211
Ищем СЦТ мощности 41 с основанием 786
Граф урезан (1948600 мс): было 619367, стало 298111
Граф урезан (531615 мс): было 298111, стало 58028
Граф урезан (29490 мс): было 58028, стало 3033
Граф урезан (56 мс): было 3033, стало 792
Граф урезан (4 мс): было 792, стало 785
Холостой проход по графу (3 мс)
Времени затрачено, мс: 2509936
Ищем СЦТ мощности 41 с основанием 787
Граф урезан (1979471 мс): было 620942, стало 293191
Граф урезан (499598 мс): было 293191, стало 54228
Граф урезан (25304 мс): было 54228, стало 3273
Граф урезан (64 мс): было 3273, стало 807
Граф урезан (3 мс): было 807, стало 786
Холостой проход по графу (3 мс)
Времени затрачено, мс: 2505311
Ищем СЦТ мощности 41 с основанием 788
Граф урезан (1906573 мс): было 622519, стало 301027
Граф урезан (547599 мс): было 301027, стало 59937
Граф урезан (32693 мс): было 59937, стало 3792
Граф урезан (85 мс): было 3792, стало 787
Холостой проход по графу (3 мс)
Времени затрачено, мс: 2487786
Ищем СЦТ мощности 41 с основанием 789
Граф урезан (1943494 мс): было 624098, стало 303755
Граф урезан (521185 мс): было 303755, стало 60691
Граф урезан (34240 мс): было 60691, стало 3588
Граф урезан (215 мс): было 3588, стало 788
Холостой проход по графу (527 мс)
Времени затрачено, мс: 2500342
Ищем СЦТ мощности 41 с основанием 790
Граф урезан (2093033 мс): было 625679, стало 313206
Граф урезан (596366 мс): было 313206, стало 69074
Граф урезан (40330 мс): было 69074, стало 4088
Граф урезан (105 мс): было 4088, стало 966
Граф урезан (5 мс): было 966, стало 848
Граф урезан (4 мс): было 848, стало 789
Холостой проход по графу (4 мс)
Времени затрачено, мс: 2730597
Ищем СЦТ мощности 41 с основанием 791
Граф урезан (2128286 мс): было 627262, стало 314403
Граф урезан (578872 мс): было 314403, стало 67874
Граф урезан (40435 мс): было 67874, стало 4142
Граф урезан (101 мс): было 4142, стало 803
Граф урезан (4 мс): было 803, стало 790
Холостой проход по графу (3 мс)
Времени затрачено, мс: 2749047
Ищем СЦТ мощности 41 с основанием 792
Граф урезан (2541969 мс): было 628847, стало 325877
Граф урезан (652621 мс): было 325877, стало 78986
Граф урезан (59560 мс): было 78986, стало 6118
Граф урезан (246 мс): было 6118, стало 794
Граф урезан (4 мс): было 794, стало 791
Холостой проход по графу (4 мс)
Времени затрачено, мс: 3256655
Ищем СЦТ мощности 41 с основанием 793
Граф урезан (2112777 мс): было 630434, стало 318715
Граф урезан (600859 мс): было 318715, стало 72172
Граф урезан (46349 мс): было 72172, стало 4716
Граф урезан (140 мс): было 4716, стало 809
Граф урезан (4 мс): было 809, стало 792
Холостой проход по графу (4 мс)
Времени затрачено, мс: 2761965
Ищем СЦТ мощности 41 с основанием 794
Ищем СЦТ мощности 41 с основанием 794
Граф урезан (2249897 мс): было 632023, стало 323258
Граф урезан (634537 мс): было 323258, стало 76373
Граф урезан (48116 мс): было 76373, стало 5845
Граф урезан (220 мс): было 5845, стало 851
Граф урезан (5 мс): было 851, стало 793
Холостой проход по графу (3 мс)
Времени затрачено, мс: 2932985
Ищем СЦТ мощности 41 с основанием 795
Граф урезан (1914770 мс): было 633614, стало 330695
Граф урезан (615043 мс): было 330695, стало 82501
Граф урезан (54218 мс): было 82501, стало 6420
Граф урезан (255 мс): было 6420, стало 899
Граф урезан (5 мс): было 899, стало 794
Холостой проход по графу (4 мс)
Времени затрачено, мс: 2584462
Ищем СЦТ мощности 41 с основанием 796
Граф урезан (1927927 мс): было 635207, стало 331409
Граф урезан (608356 мс): было 331409, стало 83022
Граф урезан (55643 мс): было 83022, стало 6212
Граф урезан (225 мс): было 6212, стало 832
Граф урезан (4 мс): было 832, стало 795
Холостой проход по графу (3 мс)
Времени затрачено, мс: 2592314
Ищем СЦТ мощности 41 с основанием 797
Граф урезан (1944171 мс): было 636802, стало 331549
Граф урезан (597497 мс): было 331549, стало 78318
Граф урезан (49801 мс): было 78318, стало 4911
Граф урезан (142 мс): было 4911, стало 831
Граф урезан (4 мс): было 831, стало 796
Холостой проход по графу (3 мс)
Времени затрачено, мс: 2591780
Ищем СЦТ мощности 41 с основанием 798
Граф урезан (1962051 мс): было 638399, стало 343707
Граф урезан (657645 мс): было 343707, стало 91043
Граф урезан (66033 мс): было 91043, стало 7023
Граф урезан (295 мс): было 7023, стало 871
Граф урезан (5 мс): было 871, стало 797
Холостой проход по графу (3 мс)
Времени затрачено, мс: 2686189
Ищем СЦТ мощности 41 с основанием 799
Граф урезан (1972028 мс): было 639998, стало 342334
Граф урезан (649421 мс): было 342334, стало 89220
Граф урезан (62846 мс): было 89220, стало 7007
Граф урезан (282 мс): было 7007, стало 849
Граф урезан (4 мс): было 849, стало 798
Холостой проход по графу (4 мс)
Времени затрачено, мс: 2684748
Ищем СЦТ мощности 41 с основанием 800
Граф урезан (2001307 мс): было 641599, стало 353936
Граф урезан (714355 мс): было 353936, стало 101006
Граф урезан (80082 мс): было 101006, стало 8976
Граф урезан (464 мс): было 8976, стало 935
Граф урезан (4 мс): было 935, стало 799
Холостой проход по графу (4 мс)
Времени затрачено, мс: 2796374
Ищем СЦТ мощности 41 с основанием 801
Граф урезан (2011966 мс): было 643202, стало 352051
Граф урезан (38655755 мс): было 352051, стало 97244
Граф урезан (77227 мс): было 97244, стало 7912
Граф урезан (1577 мс): было 7912, стало 840
Граф урезан (26 мс): было 840, стало 800
Холостой проход по графу (3 мс)
Времени затрачено, мс: 40746718
Ищем СЦТ мощности 41 с основанием 802
Граф урезан (2075409 мс): было 644807, стало 354135
Граф урезан (722383 мс): было 354135, стало 96853
Граф урезан (74802 мс): было 96853, стало 7614
Граф урезан (343 мс): было 7614, стало 808
Граф урезан (4 мс): было 808, стало 801
Холостой проход по графу (4 мс)
Времени затрачено, мс: 2873112
Ищем СЦТ мощности 41 с основанием 803
Граф урезан (3079692 мс): было 646414, стало 357057
Граф урезан (1036541 мс): было 357057, стало 102651
Граф урезан (97877 мс): было 102651, стало 8858
Граф урезан (525 мс): было 8858, стало 882
Граф урезан (5 мс): было 882, стало 802
Холостой проход по графу (5 мс)
Времени затрачено, мс: 4215042
Ищем СЦТ мощности 41 с основанием 804
Граф урезан (2496996 мс): было 648023, стало 366237
Граф урезан (823603 мс): было 366237, стало 110401
Граф урезан (96932 мс): было 110401, стало 10854
Граф урезан (687 мс): было 10854, стало 1005
Граф урезан (6 мс): было 1005, стало 803
Холостой проход по графу (4 мс)
Времени затрачено, мс: 3418470
Ищем СЦТ мощности 41 с основанием 805
Граф урезан (2262530 мс): было 649634, стало 370629
Граф урезан (796988 мс): было 370629, стало 113530
Граф урезан (101001 мс): было 113530, стало 10258
Граф урезан (614 мс): было 10258, стало 920
Граф урезан (5 мс): было 920, стало 804
Холостой проход по графу (4 мс)
Времени затрачено, мс: 3161304
Ищем СЦТ мощности 41 с основанием 806
Граф урезан (2214541 мс): было 651247, стало 370407
Граф урезан (885377 мс): было 370407, стало 113601
Граф урезан (106791 мс): было 113601, стало 11374
Граф урезан (792 мс): было 11374, стало 936
Граф урезан (5 мс): было 936, стало 805
Холостой проход по графу (4 мс)
Времени затрачено, мс: 3207668
Ищем СЦТ мощности 41 с основанием 807
Граф урезан (2228342 мс): было 652862, стало 373471
Граф урезан (801707 мс): было 373471, стало 117152
Граф урезан (105205 мс): было 117152, стало 11821
Граф урезан (798 мс): было 11821, стало 1077
Граф урезан (7 мс): было 1077, стало 809
Граф урезан (4 мс): было 809, стало 806
Холостой проход по графу (4 мс)
Времени затрачено, мс: 3136228
Ищем СЦТ мощности 41 с основанием 808
Граф урезан (2240384 мс): было 654479, стало 379254
Граф урезан (859260 мс): было 379254, стало 122560
Граф урезан (125427 мс): было 122560, стало 12402
Граф урезан (888 мс): было 12402, стало 866
Граф урезан (4 мс): было 866, стало 807
Холостой проход по графу (4 мс)
Времени затрачено, мс: 3226118
Ищем СЦТ мощности 41 с основанием 809
Граф урезан (72209677 мс): было 656098, стало 377728
Граф урезан (876665 мс): было 377728, стало 120394
Граф урезан (124041 мс): было 120394, стало 12552
Граф урезан (910 мс): было 12552, стало 897
Граф урезан (4 мс): было 897, стало 808
Холостой проход по графу (4 мс)
Времени затрачено, мс: 73211461
Ищем СЦТ мощности 41 с основанием 810
Граф урезан (2303060 мс): было 657719, стало 390485
Граф урезан (910333 мс): было 390485, стало 135279
Граф урезан (143996 мс): было 135279, стало 15687
Граф урезан (1473 мс): было 15687, стало 1045
Граф урезан (6 мс): было 1045, стало 809
Холостой проход по графу (4 мс)
Времени затрачено, мс: 3359047
Ищем СЦТ мощности 41 с основанием 811
Граф урезан (2376692 мс): было 659342, стало 386019
Граф урезан (918704 мс): было 386019, стало 128123
Граф урезан (135391 мс): было 128123, стало 14810
Граф урезан (1302 мс): было 14810, стало 1168
Граф урезан (8 мс): было 1168, стало 810
Холостой проход по графу (4 мс)
Времени затрачено, мс: 3432365
Ищем СЦТ мощности 41 с основанием 812
Граф урезан (2446826 мс): было 660967, стало 394566
Граф урезан (963774 мс): было 394566, стало 139163
Граф урезан (154506 мс): было 139163, стало 16296
Граф урезан (1600 мс): было 16296, стало 1052
Граф урезан (6 мс): было 1052, стало 811
Холостой проход по графу (4 мс)
Времени затрачено, мс: 3566902
Ищем СЦТ мощности 41 с основанием 813
Граф урезан (2288556 мс): было 662594, стало 394748
Граф урезан (888685 мс): было 394748, стало 135029
Граф урезан (136884 мс): было 135029, стало 15074
Граф урезан (1283 мс): было 15074, стало 1053
Граф урезан (6 мс): было 1053, стало 812
Холостой проход по графу (6 мс)
Времени затрачено, мс: 3315590
Ищем СЦТ мощности 41 с основанием 814
Граф урезан (43143768 мс): было 664223, стало 401758
Граф урезан (989495 мс): было 401758, стало 145062
Граф урезан (174874 мс): было 145062, стало 17458
Граф урезан (1988 мс): было 17458, стало 1117
Граф урезан (7 мс): было 1117, стало 813
Холостой проход по графу (4 мс)
Времени затрачено, мс: 44321184
Ищем СЦТ мощности 41 с основанием 815
Граф урезан (2480206 мс): было 665854, стало 402359
Граф урезан (1075017 мс): было 402359, стало 145455
Граф урезан (186384 мс): было 145455, стало 17561
Граф урезан (2087 мс): было 17561, стало 1292
Граф урезан (25 мс): было 1292, стало 818
Холостой проход по графу (8 мс)
Удаление осевых точек (1 мс): было 818, стало 78, неосевых 4
Холостой проход по графу (0 мс)
Времени затрачено, мс: 3747128
Ищем СЦТ мощности 41 с основанием 816
Граф урезан (2772688 мс): было 667487, стало 416570
Граф урезан (1056725 мс): было 416570, стало 162473
Граф урезан (203501 мс): было 162473, стало 24068
Граф урезан (4072 мс): было 24068, стало 1672
Граф урезан (16 мс): было 1672, стало 850
Граф урезан (4 мс): было 850, стало 817
Холостой проход по графу (4 мс)
Удаление осевых точек (7 мс): было 817, стало 40, неосевых 2
Холостой проход по графу (0 мс)

( 0 ; 0 );  	  ( 0 ; 816 );  	  ( -141.9859147943908 ; 408 );  	  ( 0 ; 594 );  	  ( 0 ; 640 );  	  ( 0 ; 560 );  	  ( 0 ; 62 );  	  ( 0 ; 87 );  	  ( 0 ; 627 );  	  ( 0 ; 546 );  	  ( 0 ; 670 );  	  ( 0 ; 109 );  	  ( 0 ; 146 );  	  ( 0 ; 707 );  	  ( 0 ; 517 );  	  ( 0 ; 432 );  	  ( 0 ; 512 );  	  ( 0 ; 176 );  	  ( 0 ; 189 );  	  ( 0 ; 222 );  	  ( 0 ; 729 );  	  ( 0 ; 494 );  	  ( 0 ; 256 );  	  ( 0 ; 270 );  	  ( 0 ; 754 );  	  ( 0 ; 299 );  	  ( 0 ; 304 );  	  ( 0 ; 425 );  	  ( 0 ; 486 );  	  ( 0 ; 475 );  	  ( 0 ; 465 );  	  ( 0 ; 322 );  	  ( 0 ; 330 );  	  ( 0 ; 341 );  	  ( 0 ; 351 );  	  ( 0 ; 374 );  	  ( 0 ; 384 );  	  ( 0 ; 391 );  	  ( 0 ; 442 );  	  ( 0 ; 406 );  	  ( 0 ; 410 );  	  

( 0 ; 0 );  	  ( 0 ; 816 );  	  ( 141.9859147943908 ; 408 );  	  ( 0 ; 594 );  	  ( 0 ; 640 );  	  ( 0 ; 560 );  	  ( 0 ; 62 );  	  ( 0 ; 87 );  	  ( 0 ; 627 );  	  ( 0 ; 546 );  	  ( 0 ; 670 );  	  ( 0 ; 109 );  	  ( 0 ; 146 );  	  ( 0 ; 707 );  	  ( 0 ; 517 );  	  ( 0 ; 432 );  	  ( 0 ; 512 );  	  ( 0 ; 176 );  	  ( 0 ; 189 );  	  ( 0 ; 222 );  	  ( 0 ; 729 );  	  ( 0 ; 494 );  	  ( 0 ; 256 );  	  ( 0 ; 270 );  	  ( 0 ; 754 );  	  ( 0 ; 299 );  	  ( 0 ; 304 );  	  ( 0 ; 425 );  	  ( 0 ; 486 );  	  ( 0 ; 475 );  	  ( 0 ; 465 );  	  ( 0 ; 322 );  	  ( 0 ; 330 );  	  ( 0 ; 341 );  	  ( 0 ; 351 );  	  ( 0 ; 374 );  	  ( 0 ; 384 );  	  ( 0 ; 391 );  	  ( 0 ; 442 );  	  ( 0 ; 406 );  	  ( 0 ; 410 );  	  
Времени затрачено, мс: 4037986
Ищем СЦТ мощности 42 с основанием 816
Граф урезан (2944316 мс): было 667487, стало 377392
Граф урезан (1192598 мс): было 377392, стало 112295
Граф урезан (162082 мс): было 112295, стало 10434
Граф урезан (1177 мс): было 10434, стало 1076
Граф урезан (14 мс): было 1076, стало 815
Холостой проход по графу (8 мс)
Времени затрачено, мс: 4301000
Ищем СЦТ мощности 42 с основанием 817
Ищем СЦТ мощности 42 с основанием 817
Ищем СЦТ мощности 42 с основанием 817
Граф урезан (2370302 мс): было 669122, стало 371295
Граф урезан (850716 мс): было 371295, стало 104645
Граф урезан (93319 мс): было 104645, стало 7975
Граф урезан (1872 мс): было 7975, стало 844
Граф урезан (27 мс): было 844, стало 816
Холостой проход по графу (4 мс)
Времени затрачено, мс: 3316441
Ищем СЦТ мощности 42 с основанием 818
Граф урезан (2660499 мс): было 670759, стало 374434
Граф урезан (961418 мс): было 374434, стало 106885
Граф урезан (106276 мс): было 106885, стало 9082
Граф урезан (548 мс): было 9082, стало 851
Граф урезан (4 мс): было 851, стало 817
Холостой проход по графу (4 мс)
Времени затрачено, мс: 3729143
Ищем СЦТ мощности 42 с основанием 819
Граф урезан (2285607 мс): было 672398, стало 385769
Граф урезан (836996 мс): было 385769, стало 119448
Граф урезан (110836 мс): было 119448, стало 10596
Граф урезан (2855 мс): было 10596, стало 907
Граф урезан (27 мс): было 907, стало 818
Холостой проход по графу (24 мс)
Времени затрачено, мс: 3236518
Ищем СЦТ мощности 42 с основанием 820
Граф урезан (2461691 мс): было 674039, стало 386148
Граф урезан (928540 мс): было 386148, стало 118900
Граф урезан (119453 мс): было 118900, стало 12283
Граф урезан (906 мс): было 12283, стало 1025
Граф урезан (6 мс): было 1025, стало 819
Холостой проход по графу (3 мс)
Времени затрачено, мс: 3510760
Ищем СЦТ мощности 42 с основанием 821
Граф урезан (2718928 мс): было 675682, стало 383097
Граф урезан (878160 мс): было 383097, стало 116223
Граф урезан (129817 мс): было 116223, стало 11303
Граф урезан (1213 мс): было 11303, стало 895
Граф урезан (7 мс): было 895, стало 820
Холостой проход по графу (7 мс)
Времени затрачено, мс: 3728302
Ищем СЦТ мощности 42 с основанием 822
Граф урезан (2533485 мс): было 677327, стало 391560
Граф урезан (936234 мс): было 391560, стало 124961
Граф урезан (129872 мс): было 124961, стало 13028
Граф урезан (1001 мс): было 13028, стало 982
Граф урезан (6 мс): было 982, стало 821
Холостой проход по графу (3 мс)
Времени затрачено, мс: 3600857
Ищем СЦТ мощности 42 с основанием 823
Граф урезан (2463296 мс): было 678974, стало 392007
Граф урезан (934683 мс): было 392007, стало 123750
Граф урезан (134295 мс): было 123750, стало 12026
Граф урезан (923 мс): было 12026, стало 962
Граф урезан (6 мс): было 962, стало 822
Холостой проход по графу (4 мс)
Времени затрачено, мс: 3533380
Ищем СЦТ мощности 42 с основанием 824
Граф урезан (2721497 мс): было 680623, стало 400769
Граф урезан (1100726 мс): было 400769, стало 133071
Граф урезан (145454 мс): было 133071, стало 14566
Граф урезан (1284 мс): было 14566, стало 978
Граф урезан (6 мс): было 978, стало 823
Холостой проход по графу (4 мс)
Времени затрачено, мс: 3969160
Ищем СЦТ мощности 42 с основанием 825
Граф урезан (62500222 мс): было 682274, стало 407945
Граф урезан (1060312 мс): было 407945, стало 140460
Граф урезан (174703 мс): было 140460, стало 15996
Граф урезан (1536 мс): было 15996, стало 985
Граф урезан (6 мс): было 985, стало 824
Холостой проход по графу (5 мс)
Времени затрачено, мс: 63736959
Ищем СЦТ мощности 42 с основанием 826
Граф урезан (2586689 мс): было 683927, стало 405997
Граф урезан (1123052 мс): было 405997, стало 138637
Граф урезан (171013 мс): было 138637, стало 15352
Граф урезан (1837 мс): было 15352, стало 1126
Граф урезан (8 мс): было 1126, стало 825
Холостой проход по графу (4 мс)
Времени затрачено, мс: 3882802
Ищем СЦТ мощности 42 с основанием 827
Граф урезан (2596025 мс): было 685582, стало 405790
Граф урезан (984486 мс): было 405790, стало 136461
Граф урезан (145812 мс): было 136461, стало 15174
Граф урезан (1506 мс): было 15174, стало 1031
Граф урезан (6 мс): было 1031, стало 826
Холостой проход по графу (4 мс)
Времени затрачено, мс: 3728032
Ищем СЦТ мощности 42 с основанием 828
Граф урезан (2759929 мс): было 687239, стало 420961
Граф урезан (1268690 мс): было 420961, стало 156101
Граф урезан (237899 мс): было 156101, стало 20606
Граф урезан (4659 мс): было 20606, стало 1271
Граф урезан (21 мс): было 1271, стало 827
Холостой проход по графу (9 мс)
Времени затрачено, мс: 4271390
Ищем СЦТ мощности 42 с основанием 829
Граф урезан (84574468 мс): было 688898, стало 414187
Граф урезан (1021032 мс): было 414187, стало 147532
Граф урезан (166195 мс): было 147532, стало 18167
Граф урезан (2023 мс): было 18167, стало 1092
Граф урезан (7 мс): было 1092, стало 828
Холостой проход по графу (4 мс)
Времени затрачено, мс: 85764028
Ищем СЦТ мощности 42 с основанием 830
Граф урезан (2647018 мс): было 690559, стало 421611
Граф урезан (1089781 мс): было 421611, стало 154004
Граф урезан (176167 мс): было 154004, стало 19132
Граф урезан (2150 мс): было 19132, стало 1022
Граф урезан (6 мс): было 1022, стало 829
Холостой проход по графу (4 мс)
Времени затрачено, мс: 3915452
Ищем СЦТ мощности 42 с основанием 831
Граф урезан (2645138 мс): было 692222, стало 424955
Граф урезан (1117099 мс): было 424955, стало 157753
Граф урезан (189224 мс): было 157753, стало 21553
Граф урезан (2866 мс): было 21553, стало 1625
Граф урезан (16 мс): было 1625, стало 833
Граф урезан (4 мс): было 833, стало 830
Холостой проход по графу (4 мс)
Времени затрачено, мс: 3954540
Ищем СЦТ мощности 42 с основанием 832
Граф урезан (2644514 мс): было 693887, стало 437007
Граф урезан (1140183 мс): было 437007, стало 174803
Граф урезан (224349 мс): было 174803, стало 25910
Граф урезан (4666 мс): было 25910, стало 1263
Граф урезан (9 мс): было 1263, стало 835
Граф урезан (4 мс): было 835, стало 831
Холостой проход по графу (4 мс)
Времени затрачено, мс: 4013898
Ищем СЦТ мощности 42 с основанием 833
Граф урезан (2520279 мс): было 695554, стало 432219
Граф урезан (74981417 мс): было 432219, стало 167692
Граф урезан (205182 мс): было 167692, стало 24695
Граф урезан (3824 мс): было 24695, стало 1655
Граф урезан (15 мс): было 1655, стало 840
Граф урезан (5 мс): было 840, стало 832
Холостой проход по графу (4 мс)
Времени затрачено, мс: 77711195
Ищем СЦТ мощности 42 с основанием 834
Граф урезан (2500573 мс): было 697223, стало 435951
Граф урезан (1150838 мс): было 435951, стало 171872
Граф урезан (238716 мс): было 171872, стало 25456
Граф урезан (4204 мс): было 25456, стало 1486
Граф урезан (13 мс): было 1486, стало 833
Холостой проход по графу (4 мс)
Времени затрачено, мс: 3894519
Ищем СЦТ мощности 42 с основанием 835
Граф урезан (2926562 мс): было 698894, стало 439215
Граф урезан (43101555 мс): было 439215, стало 174747
Граф урезан (223707 мс): было 174747, стало 26102
Граф урезан (5027 мс): было 26102, стало 2053
Граф урезан (25 мс): было 2053, стало 1088
Граф урезан (7 мс): было 1088, стало 834
Холостой проход по графу (4 мс)
Времени затрачено, мс: 46258337
Ищем СЦТ мощности 42 с основанием 836
Ищем СЦТ мощности 42 с основанием 836
Граф урезан (74553589 мс): было 700567, стало 447171
Граф урезан (1209391 мс): было 447171, стало 186344
Граф урезан (264380 мс): было 186344, стало 31467
Граф урезан (7873 мс): было 31467, стало 2457
Граф урезан (37 мс): было 2457, стало 991
Граф урезан (6 мс): было 991, стало 847
Граф урезан (5 мс): было 847, стало 835
Холостой проход по графу (4 мс)
Времени затрачено, мс: 76035499
Ищем СЦТ мощности 42 с основанием 837
Граф урезан (2999633 мс): было 702242, стало 449165
Граф урезан (1424886 мс): было 449165, стало 191444
Граф урезан (308819 мс): было 191444, стало 34859
Граф урезан (16763 мс): было 34859, стало 2566
Граф урезан (42 мс): было 2566, стало 1144
Граф урезан (13 мс): было 1144, стало 842
Граф урезан (55 мс): было 842, стало 836
Холостой проход по графу (34 мс)
Времени затрачено, мс: 4750473
Ищем СЦТ мощности 42 с основанием 838
Граф урезан (2634436 мс): было 703919, стало 450084
Граф урезан (1207344 мс): было 450084, стало 186974
Граф урезан (256073 мс): было 186974, стало 29250
Граф урезан (6089 мс): было 29250, стало 1586
Граф урезан (14 мс): было 1586, стало 839
Граф урезан (4 мс): было 839, стало 837
Холостой проход по графу (5 мс)
Времени затрачено, мс: 4104196
Ищем СЦТ мощности 42 с основанием 839
Граф урезан (2935296 мс): было 705598, стало 453811
Граф урезан (1466530 мс): было 453811, стало 190735
Граф урезан (275649 мс): было 190735, стало 31801
Граф урезан (8318 мс): было 31801, стало 2216
Граф урезан (29 мс): было 2216, стало 980
Граф урезан (6 мс): было 980, стало 838
Холостой проход по графу (4 мс)
Времени затрачено, мс: 4687627
Ищем СЦТ мощности 42 с основанием 840
Граф урезан (3242299 мс): было 707279, стало 468736
Граф урезан (1628731 мс): было 468736, стало 217976
Граф урезан (395858 мс): было 217976, стало 44897
Граф урезан (25417 мс): было 44897, стало 3360
Граф урезан (255 мс): было 3360, стало 846
Граф урезан (62 мс): было 846, стало 843
Холостой проход по графу (32 мс)
Удаление осевых точек (1 мс): было 843, стало 80, неосевых 4
Холостой проход по графу (0 мс)
Времени затрачено, мс: 5293641
Ищем СЦТ мощности 42 с основанием 841
Граф урезан (39472758 мс): было 708962, стало 462039
Граф урезан (1408182 мс): было 462039, стало 203238
Граф урезан (299928 мс): было 203238, стало 36588
Граф урезан (11531 мс): было 36588, стало 2307
Граф урезан (32 мс): было 2307, стало 840
Холостой проход по графу (5 мс)
Времени затрачено, мс: 41193015
Ищем СЦТ мощности 42 с основанием 842
Граф урезан (2887431 мс): было 710647, стало 466029
Граф урезан (1581887 мс): было 466029, стало 209282
Граф урезан (343311 мс): было 209282, стало 39126
Граф урезан (13399 мс): было 39126, стало 2311
Граф урезан (33 мс): было 2311, стало 841
Холостой проход по графу (4 мс)
Времени затрачено, мс: 4826885
Ищем СЦТ мощности 42 с основанием 843
Граф урезан (3191506 мс): было 712334, стало 469043
Граф урезан (1452551 мс): было 469043, стало 213722
Граф урезан (372249 мс): было 213722, стало 41294
Граф урезан (16248 мс): было 41294, стало 2687
Граф урезан (45 мс): было 2687, стало 844
Граф урезан (6 мс): было 844, стало 842
Холостой проход по графу (4 мс)
Времени затрачено, мс: 5033951
Ищем СЦТ мощности 42 с основанием 844
Граф урезан (3069880 мс): было 714023, стало 473579
Граф урезан (1448175 мс): было 473579, стало 222451
Граф урезан (399187 мс): было 222451, стало 47503
Граф урезан (24111 мс): было 47503, стало 3436
Граф урезан (105 мс): было 3436, стало 906
Граф урезан (6 мс): было 906, стало 843
Холостой проход по графу (4 мс)
Времени затрачено, мс: 4942579
Ищем СЦТ мощности 42 с основанием 845
Граф урезан (3118393 мс): было 715714, стало 478613
Граф урезан (1562659 мс): было 478613, стало 228808
Граф урезан (392220 мс): было 228808, стало 48960
Граф урезан (24113 мс): было 48960, стало 3395
Граф урезан (67 мс): было 3395, стало 865
Граф урезан (4 мс): было 865, стало 844
Холостой проход по графу (4 мс)
Времени затрачено, мс: 5098396
Ищем СЦТ мощности 42 с основанием 846
Ищем СЦТ мощности 42 с основанием 846
Граф урезан (2723812 мс): было 717407, стало 483107
Граф урезан (1418078 мс): было 483107, стало 236471
Граф урезан (411542 мс): было 236471, стало 53575
Граф урезан (27551 мс): было 53575, стало 3834
Граф урезан (88 мс): было 3834, стало 868
Граф урезан (4 мс): было 868, стало 845
Холостой проход по графу (5 мс)
Времени затрачено, мс: 4581300
Ищем СЦТ мощности 42 с основанием 847
Граф урезан (3305088 мс): было 719102, стало 484027
Граф урезан (27972571 мс): было 484027, стало 234953
Граф урезан (420974 мс): было 234953, стало 52577
Граф урезан (25417 мс): было 52577, стало 3992
Граф урезан (90 мс): было 3992, стало 905
Граф урезан (4 мс): было 905, стало 846
Холостой проход по графу (5 мс)
Времени затрачено, мс: 31724385
Ищем СЦТ мощности 42 с основанием 848
Граф урезан (45073500 мс): было 720799, стало 490670
Граф урезан (1410975 мс): было 490670, стало 244131
Граф урезан (400221 мс): было 244131, стало 56755
Граф урезан (29505 мс): было 56755, стало 4324
Граф урезан (105 мс): было 4324, стало 882
Граф урезан (30 мс): было 882, стало 847
Холостой проход по графу (30 мс)
Времени затрачено, мс: 46914540
Ищем СЦТ мощности 42 с основанием 849
Граф урезан (2724239 мс): было 722498, стало 491253
Граф урезан (1438570 мс): было 491253, стало 246422
Граф урезан (459929 мс): было 246422, стало 57484
Граф урезан (34438 мс): было 57484, стало 3782
Граф урезан (86 мс): было 3782, стало 850
Граф урезан (4 мс): было 850, стало 848
Холостой проход по графу (4 мс)
Времени затрачено, мс: 4657429
Ищем СЦТ мощности 42 с основанием 850
Граф урезан (2882048 мс): было 724199, стало 498201
Граф урезан (1625464 мс): было 498201, стало 257218
Граф урезан (495461 мс): было 257218, стало 63684
Граф урезан (38053 мс): было 63684, стало 4503
Граф урезан (121 мс): было 4503, стало 938
Граф урезан (5 мс): было 938, стало 849
Холостой проход по графу (4 мс)
Времени затрачено, мс: 5041352
Ищем СЦТ мощности 42 с основанием 851
Граф урезан (2851287 мс): было 725902, стало 497845
Граф урезан (1554588 мс): было 497845, стало 255865
Граф урезан (454074 мс): было 255865, стало 61818
Граф урезан (36659 мс): было 61818, стало 4467
Граф урезан (114 мс): было 4467, стало 950
Граф урезан (6 мс): было 950, стало 855
Граф урезан (4 мс): было 855, стало 850
Холостой проход по графу (4 мс)
Времени затрачено, мс: 4896908
Ищем СЦТ мощности 42 с основанием 852
Граф урезан (77846479 мс): было 727607, стало 506411
Граф урезан (1668591 мс): было 506411, стало 270438
Граф урезан (492997 мс): было 270438, стало 72474
Граф урезан (47676 мс): было 72474, стало 6642
Граф урезан (256 мс): было 6642, стало 1120
Граф урезан (10 мс): было 1120, стало 853
Граф урезан (6 мс): было 853, стало 851
Холостой проход по графу (8 мс)
Времени затрачено, мс: 80056368
Ищем СЦТ мощности 42 с основанием 853
Граф урезан (3011547 мс): было 729314, стало 502939
Граф урезан (1536727 мс): было 502939, стало 260630
Граф урезан (478587 мс): было 260630, стало 66817
Граф урезан (44857 мс): было 66817, стало 5481
Граф урезан (175 мс): было 5481, стало 1098
Граф урезан (7 мс): было 1098, стало 852
Холостой проход по графу (4 мс)
Времени затрачено, мс: 5073867
Ищем СЦТ мощности 42 с основанием 854
Граф урезан (3294834 мс): было 731023, стало 513387
Граф урезан (1616542 мс): было 513387, стало 279223
Граф урезан (686751 мс): было 279223, стало 76224
Граф урезан (66673 мс): было 76224, стало 6360
Граф урезан (259 мс): было 6360, стало 953
Граф урезан (7 мс): было 953, стало 853
Холостой проход по графу (4 мс)
Времени затрачено, мс: 5665856
Ищем СЦТ мощности 42 с основанием 855
Граф урезан (3212657 мс): было 732734, стало 519139
Граф урезан (1717489 мс): было 519139, стало 292391
Граф урезан (577042 мс): было 292391, стало 85102
Граф урезан (66272 мс): было 85102, стало 7103
Граф урезан (290 мс): было 7103, стало 858
Граф урезан (4 мс): было 858, стало 854
Холостой проход по графу (5 мс)
Времени затрачено, мс: 5574106
Ищем СЦТ мощности 42 с основанием 856
Граф урезан (35658662 мс): было 734447, стало 518471
Граф урезан (1581359 мс): было 518471, стало 287301
Граф урезан (548604 мс): было 287301, стало 81482
Граф урезан (61060 мс): было 81482, стало 7140
Граф урезан (327 мс): было 7140, стало 979
Граф урезан (5 мс): было 979, стало 855
Холостой проход по графу (4 мс)
Времени затрачено, мс: 37850225
Ищем СЦТ мощности 42 с основанием 857
Граф урезан (2971729 мс): было 736162, стало 519633
Граф урезан (1656885 мс): было 519633, стало 286687
Граф урезан (547014 мс): было 286687, стало 82262
Граф урезан (58681 мс): было 82262, стало 6959
Граф урезан (269 мс): было 6959, стало 898
Граф урезан (5 мс): было 898, стало 856
Холостой проход по графу (4 мс)
Времени затрачено, мс: 5234860
Ищем СЦТ мощности 42 с основанием 858
Граф урезан (3035021 мс): было 737879, стало 529019
Граф урезан (1741654 мс): было 529019, стало 308022
Граф урезан (707845 мс): было 308022, стало 98115
Граф урезан (89150 мс): было 98115, стало 9951
Граф урезан (628 мс): было 9951, стало 1130
Граф урезан (7 мс): было 1130, стало 857
Холостой проход по графу (5 мс)
Времени затрачено, мс: 5574485
Ищем СЦТ мощности 42 с основанием 859
Ищем СЦТ мощности 42 с основанием 859
Граф урезан (2915016 мс): было 739598, стало 526342
Граф урезан (1649214 мс): было 526342, стало 300333
Граф урезан (602088 мс): было 300333, стало 92687
Граф урезан (97634 мс): было 92687, стало 9371
Граф урезан (660 мс): было 9371, стало 1282
Граф урезан (96 мс): было 1282, стало 858
Холостой проход по графу (65 мс)
Времени затрачено, мс: 5265316
Ищем СЦТ мощности 42 с основанием 860
Граф урезан (8875200 мс): было 741319, стало 535049
Граф урезан (2254472 мс): было 535049, стало 317451
Граф урезан (948486 мс): было 317451, стало 107806
Граф урезан (480280 мс): было 107806, стало 12144
Граф урезан (4207 мс): было 12144, стало 963
Граф урезан (5 мс): было 963, стало 859
Холостой проход по графу (5 мс)
Времени затрачено, мс: 12563166
Ищем СЦТ мощности 42 с основанием 861
Граф урезан (3372558 мс): было 743042, стало 536388
Граф урезан (1950810 мс): было 536388, стало 319305
Граф урезан (803739 мс): было 319305, стало 109964
Граф урезан (105290 мс): было 109964, стало 13270
Граф урезан (1003 мс): было 13270, стало 1226
Граф урезан (9 мс): было 1226, стало 1046
Граф урезан (6 мс): было 1046, стало 1023
Граф урезан (6 мс): было 1023, стало 881
Граф урезан (4 мс): было 881, стало 860
Холостой проход по графу (5 мс)
Времени затрачено, мс: 6234063
Ищем СЦТ мощности 42 с основанием 862
Граф урезан (3451502 мс): было 744767, стало 537483
Граф урезан (2318579 мс): было 537483, стало 316697
Граф урезан (3652818 мс): было 316697, стало 106731
Граф урезан (384318 мс): было 106731, стало 13301
Граф урезан (4916 мс): было 13301, стало 1428
Граф урезан (65 мс): было 1428, стало 863
Граф урезан (40 мс): было 863, стало 861
Холостой проход по графу (4 мс)
Времени затрачено, мс: 9813717
Ищем СЦТ мощности 42 с основанием 863
Ищем СЦТ мощности 42 с основанием 863
